-------------------------------------------------------------------------------
Test set: TestSuite
-------------------------------------------------------------------------------
Tests run: 81, Failures: 49, Errors: 0, Skipped: 32, Time elapsed: 2.245 s <<< FAILURE! - in TestSuite
driverSetUp(testCases.hyscaleLoginPageTestCase)  Time elapsed: 1.924 s  <<< FAILURE!
org.openqa.selenium.WebDriverException: 
Error forwarding the new session cannot find : Capabilities {acceptInsecureCerts: true, browserName: firefox, platform: WIN10, version: }
Command duration or timeout: 726 milliseconds
	at testCases.hyscaleLoginPageTestCase.driverSetUp(hyscaleLoginPageTestCase.java:34)
Caused by: org.openqa.selenium.WebDriverException: 
Error forwarding the new session cannot find : Capabilities {acceptInsecureCerts: true, browserName: firefox, platform: WIN10, version: }
Build info: version: '3.141.59', revision: 'e82be7d358', time: '2018-11-14T08:17:03'
System info: host: 'PRINHYLTPDL1861', ip: '192.168.0.14', os.name: 'Linux', os.arch: 'amd64', os.version: '5.4.0-70-generic', java.version: '11.0.10'
Driver info: driver.version: unknown

packageCreateButtonVerify(testCases.packageElementsVerification)  Time elapsed: 0.006 s  <<< FAILURE!
java.lang.NullPointerException
	at testCases.packageElementsVerification.packageCreateButtonVerify(packageElementsVerification.java:29)

packageDuplicateButtonVerify(testCases.packageElementsVerification)  Time elapsed: 0.001 s  <<< FAILURE!
java.lang.NullPointerException
	at testCases.packageElementsVerification.packageDuplicateButtonVerify(packageElementsVerification.java:60)

packageEditButtonVerify(testCases.packageElementsVerification)  Time elapsed: 0.001 s  <<< FAILURE!
java.lang.NullPointerException
	at testCases.packageElementsVerification.packageEditButtonVerify(packageElementsVerification.java:39)

packageDeleteButtonVerify(testCases.packageElementsVerification)  Time elapsed: 0 s  <<< FAILURE!
java.lang.NullPointerException
	at testCases.packageElementsVerification.packageDeleteButtonVerify(packageElementsVerification.java:49)

packageNextButtonVerify(testCases.packageElementsVerification)  Time elapsed: 0 s  <<< FAILURE!
java.lang.NullPointerException
	at testCases.packageElementsVerification.packageNextButtonVerify(packageElementsVerification.java:72)

packageGoToLastPageButtonVerify(testCases.packageElementsVerification)  Time elapsed: 0 s  <<< FAILURE!
java.lang.NullPointerException
	at testCases.packageElementsVerification.packageGoToLastPageButtonVerify(packageElementsVerification.java:81)

packagePreviousButtonVerify(testCases.packageElementsVerification)  Time elapsed: 0.001 s  <<< FAILURE!
java.lang.NullPointerException
	at testCases.packageElementsVerification.packagePreviousButtonVerify(packageElementsVerification.java:90)

packageLevelMaxCharacters(testCases.PackageNegativeTestCases)  Time elapsed: 0.003 s  <<< FAILURE!
java.lang.NullPointerException
	at testCases.PackageNegativeTestCases.packageLevelMaxCharacters(PackageNegativeTestCases.java:29)

importImageButtonVerification(testCases.baseImagesElementsVerification)  Time elapsed: 0.002 s  <<< FAILURE!
java.lang.NullPointerException
	at testCases.baseImagesElementsVerification.importImageButtonVerification(baseImagesElementsVerification.java:30)

verifyNextButton(testCases.baseImagesElementsVerification)  Time elapsed: 0.001 s  <<< FAILURE!
java.lang.NullPointerException
	at testCases.baseImagesElementsVerification.verifyNextButton(baseImagesElementsVerification.java:43)

importImageDetails(testCases.baseImagesElementsVerification)  Time elapsed: 0 s  <<< FAILURE!
java.lang.NullPointerException
	at testCases.baseImagesElementsVerification.importImageDetails(baseImagesElementsVerification.java:49)

importImageRegistryDetails(testCases.baseImagesElementsVerification)  Time elapsed: 0.001 s  <<< FAILURE!
java.lang.NullPointerException
	at testCases.baseImagesElementsVerification.importImageRegistryDetails(baseImagesElementsVerification.java:59)

importImagePortDetailsVerify(testCases.baseImagesElementsVerification)  Time elapsed: 0 s  <<< FAILURE!
java.lang.NullPointerException
	at testCases.baseImagesElementsVerification.importImagePortDetailsVerify(baseImagesElementsVerification.java:73)

importImageReviewWizardVerify(testCases.baseImagesElementsVerification)  Time elapsed: 0.002 s  <<< FAILURE!
java.lang.NullPointerException
	at testCases.baseImagesElementsVerification.importImageReviewWizardVerify(baseImagesElementsVerification.java:94)

VerifyConfirmButton(testCases.baseImagesElementsVerification)  Time elapsed: 0 s  <<< FAILURE!
java.lang.NullPointerException
	at testCases.baseImagesElementsVerification.VerifyConfirmButton(baseImagesElementsVerification.java:106)

ImageFilterVerification(testCases.baseImagesElementsVerification)  Time elapsed: 0.001 s  <<< FAILURE!
java.lang.NullPointerException
	at testCases.baseImagesElementsVerification.ImageFilterVerification(baseImagesElementsVerification.java:133)

baseImageRefreshButtonVerify(testCases.baseImagesElementsVerification)  Time elapsed: 0.001 s  <<< FAILURE!
java.lang.NullPointerException
	at testCases.baseImagesElementsVerification.baseImageRefreshButtonVerify(baseImagesElementsVerification.java:125)

maximumCharacters_BaseImage(testCases.baseImagesNegativeTestCases)  Time elapsed: 0.001 s  <<< FAILURE!
java.lang.NullPointerException
	at testCases.baseImagesNegativeTestCases.maximumCharacters_BaseImage(baseImagesNegativeTestCases.java:32)

minimumCharacters_BaseImage(testCases.baseImagesNegativeTestCases)  Time elapsed: 0.003 s  <<< FAILURE!
java.lang.NullPointerException
	at testCases.baseImagesNegativeTestCases.minimumCharacters_BaseImage(baseImagesNegativeTestCases.java:55)

invalidCharacters_BaseImage(testCases.baseImagesNegativeTestCases)  Time elapsed: 0.001 s  <<< FAILURE!
java.lang.NullPointerException
	at testCases.baseImagesNegativeTestCases.invalidCharacters_BaseImage(baseImagesNegativeTestCases.java:67)

enterImageDetails(testCases.baseImagesNegativeTestCases)  Time elapsed: 0 s  <<< FAILURE!
java.lang.NullPointerException
	at testCases.baseImagesNegativeTestCases.enterImageDetails(baseImagesNegativeTestCases.java:89)

negativeScenarios_BaseImagePortName(testCases.baseImagesNegativeTestCases)  Time elapsed: 0.003 s  <<< FAILURE!
java.lang.NullPointerException
	at testCases.baseImagesNegativeTestCases.negativeScenarios_BaseImagePortName(baseImagesNegativeTestCases.java:98)

negativeScenarios_BaseImagePortNumber(testCases.baseImagesNegativeTestCases)  Time elapsed: 0 s  <<< FAILURE!
java.lang.NullPointerException
	at testCases.baseImagesNegativeTestCases.negativeScenarios_BaseImagePortNumber(baseImagesNegativeTestCases.java:116)

negativeScenarios_BaseImageConfigProperties(testCases.baseImagesNegativeTestCases)  Time elapsed: 0.001 s  <<< FAILURE!
java.lang.NullPointerException
	at testCases.baseImagesNegativeTestCases.negativeScenarios_BaseImageConfigProperties(baseImagesNegativeTestCases.java:144)

importAgentButtonVerification(testCases.agentsElementVerification)  Time elapsed: 0.001 s  <<< FAILURE!
java.lang.NullPointerException
	at testCases.agentsElementVerification.importAgentButtonVerification(agentsElementVerification.java:32)

AgentDeleteVerify(testCases.agentsElementVerification)  Time elapsed: 0 s  <<< FAILURE!
java.lang.NullPointerException
	at testCases.agentsElementVerification.AgentDeleteVerify(agentsElementVerification.java:44)

agentGoToLastPageButtonVerify(testCases.agentsElementVerification)  Time elapsed: 0.001 s  <<< FAILURE!
java.lang.NullPointerException
	at testCases.agentsElementVerification.agentGoToLastPageButtonVerify(agentsElementVerification.java:66)

agentPreviousButtonVerify(testCases.agentsElementVerification)  Time elapsed: 0 s  <<< FAILURE!
java.lang.NullPointerException
	at testCases.agentsElementVerification.agentPreviousButtonVerify(agentsElementVerification.java:80)

agentNextButtonVerify(testCases.agentsElementVerification)  Time elapsed: 0 s  <<< FAILURE!
java.lang.NullPointerException
	at testCases.agentsElementVerification.agentNextButtonVerify(agentsElementVerification.java:52)

maximumCharacters_Agents(testCases.agentNegativeTestCases)  Time elapsed: 0.001 s  <<< FAILURE!
java.lang.NullPointerException
	at testCases.agentNegativeTestCases.maximumCharacters_Agents(agentNegativeTestCases.java:27)

minimumCharacters_Agents(testCases.agentNegativeTestCases)  Time elapsed: 0.001 s  <<< FAILURE!
java.lang.NullPointerException
	at testCases.agentNegativeTestCases.minimumCharacters_Agents(agentNegativeTestCases.java:62)

InvalidCharacters_Agents(testCases.agentNegativeTestCases)  Time elapsed: 0 s  <<< FAILURE!
java.lang.NullPointerException
	at testCases.agentNegativeTestCases.InvalidCharacters_Agents(agentNegativeTestCases.java:78)

InvalidCharacters_AgentsPorts(testCases.agentNegativeTestCases)  Time elapsed: 0 s  <<< FAILURE!
java.lang.NullPointerException
	at testCases.agentNegativeTestCases.InvalidCharacters_AgentsPorts(agentNegativeTestCases.java:94)

duplicate_AgentsPorts(testCases.agentNegativeTestCases)  Time elapsed: 0 s  <<< FAILURE!
java.lang.NullPointerException
	at testCases.agentNegativeTestCases.duplicate_AgentsPorts(agentNegativeTestCases.java:112)

select_portType(testCases.agentNegativeTestCases)  Time elapsed: 0 s  <<< FAILURE!
java.lang.NullPointerException
	at testCases.agentNegativeTestCases.select_portType(agentNegativeTestCases.java:122)

AgentConfigProps_invalid(testCases.agentNegativeTestCases)  Time elapsed: 0 s  <<< FAILURE!
java.lang.NullPointerException
	at testCases.agentNegativeTestCases.AgentConfigProps_invalid(agentNegativeTestCases.java:132)

osImageButtonVerification(testCases.osImageElementsVerification)  Time elapsed: 0.002 s  <<< FAILURE!
java.lang.NullPointerException
	at testCases.osImageElementsVerification.osImageButtonVerification(osImageElementsVerification.java:30)

osImageDeleteVerify(testCases.osImageElementsVerification)  Time elapsed: 0 s  <<< FAILURE!
java.lang.NullPointerException
	at testCases.osImageElementsVerification.osImageDeleteVerify(osImageElementsVerification.java:41)

osImageRefreshButtonVerify(testCases.osImageElementsVerification)  Time elapsed: 0 s  <<< FAILURE!
java.lang.NullPointerException
	at testCases.osImageElementsVerification.osImageRefreshButtonVerify(osImageElementsVerification.java:87)

osImagePreviousButtonVerify(testCases.osImageElementsVerification)  Time elapsed: 0.001 s  <<< FAILURE!
java.lang.NullPointerException
	at testCases.osImageElementsVerification.osImagePreviousButtonVerify(osImageElementsVerification.java:77)

osImageGoToLastPageButtonVerify(testCases.osImageElementsVerification)  Time elapsed: 0 s  <<< FAILURE!
java.lang.NullPointerException
	at testCases.osImageElementsVerification.osImageGoToLastPageButtonVerify(osImageElementsVerification.java:67)

osImageNextButtonVerify(testCases.osImageElementsVerification)  Time elapsed: 0 s  <<< FAILURE!
java.lang.NullPointerException
	at testCases.osImageElementsVerification.osImageNextButtonVerify(osImageElementsVerification.java:58)

getDriver(testCases.osImageTestCases)  Time elapsed: 0.002 s  <<< FAILURE!
java.lang.NullPointerException
	at testCases.osImageTestCases.getDriver(osImageTestCases.java:24)

getDriver(testCases.Infrastructure.clusterAlertMsgTestCases)  Time elapsed: 0.002 s  <<< FAILURE!
java.lang.NullPointerException
	at testCases.Infrastructure.clusterAlertMsgTestCases.getDriver(clusterAlertMsgTestCases.java:24)

getDriver(testCases.Infrastructure.kubernetesClusterElementsVerification)  Time elapsed: 0.001 s  <<< FAILURE!
java.lang.NullPointerException
	at testCases.Infrastructure.kubernetesClusterElementsVerification.getDriver(kubernetesClusterElementsVerification.java:26)

getDriver(testCases.Infrastructure.artifactRepoNegativeScenarios)  Time elapsed: 0.002 s  <<< FAILURE!
java.lang.NullPointerException
	at testCases.Infrastructure.artifactRepoNegativeScenarios.getDriver(artifactRepoNegativeScenarios.java:25)

getDriver(testCases.Infrastructure.artifactRepoElementsVerification)  Time elapsed: 0.001 s  <<< FAILURE!
java.lang.NullPointerException
	at testCases.Infrastructure.artifactRepoElementsVerification.getDriver(artifactRepoElementsVerification.java:25)

agentRefreshButtonVerify(testCases.agentsElementVerification)  Time elapsed: 0 s  <<< FAILURE!
java.lang.NullPointerException
	at testCases.agentsElementVerification.agentRefreshButtonVerify(agentsElementVerification.java:102)

