<?xml version="1.0" encoding="UTF-8"?>
<testsuite xmlns:xsi="http://www.w3.org/2001/XMLSchema-instance" xsi:noNamespaceSchemaLocation="https://maven.apache.org/surefire/maven-surefire-plugin/xsd/surefire-test-report-3.0.xsd" version="3.0" name="TestSuite" time="2.245" tests="81" errors="0" skipped="32" failures="49">
  <properties>
[...]
</properties>
  <testcase name="driverSetUp" classname="testCases.hyscaleLoginPageTestCase" time="1.924">
    <failure message="Error forwarding the new session cannot find : Capabilities {acceptInsecureCerts: true, browserName: firefox, platform: WIN10, version: }&#10;Command duration or timeout: 726 milliseconds" type="org.openqa.selenium.WebDriverException">org.openqa.selenium.WebDriverException: 
Error forwarding the new session cannot find : Capabilities {acceptInsecureCerts: true, browserName: firefox, platform: WIN10, version: }
Command duration or timeout: 726 milliseconds
	at testCases.hyscaleLoginPageTestCase.driverSetUp(hyscaleLoginPageTestCase.java:34)
Caused by: org.openqa.selenium.WebDriverException: 
Error forwarding the new session cannot find : Capabilities {acceptInsecureCerts: true, browserName: firefox, platform: WIN10, version: }
Build info: version: '3.141.59', revision: 'e82be7d358', time: '2018-11-14T08:17:03'
System info: host: 'PRINHYLTPDL1861', ip: '192.168.0.14', os.name: 'Linux', os.arch: 'amd64', os.version: '5.4.0-70-generic', java.version: '11.0.10'
Driver info: driver.version: unknown
</failure>
    <system-out><![CDATA[[INFO ] 2021-04-07 18:01:56.884 [TestNG-tests-1] hyscaleLoginPageTestCase - grid
[INFO ] 2021-04-07 18:01:56.886 [TestNG-tests-1] hyscaleLoginPageTestCase - test IN  WINDOWS FIREFOX
]]></system-out>
    <system-err><![CDATA[Apr 07, 2021 6:01:56 PM org.openqa.selenium.remote.DesiredCapabilities firefox
INFO: Using `new FirefoxOptions()` is preferred to `DesiredCapabilities.firefox()`
SLF4J: Failed to load class "org.slf4j.impl.StaticLoggerBinder".
SLF4J: Defaulting to no-operation (NOP) logger implementation
SLF4J: See http://www.slf4j.org/codes.html#StaticLoggerBinder for further details.
]]></system-err>
  </testcase>
  <testcase name="TitleAndLogoTest" classname="testCases.hyscaleLoginPageTestCase" time="0">
    <skipped message="Error forwarding the new session cannot find : Capabilities {acceptInsecureCerts: true, browserName: firefox, platform: WIN10, version: }&#10;Command duration or timeout: 726 milliseconds"/>
  </testcase>
  <testcase name="LoginTest" classname="testCases.hyscaleLoginPageTestCase" time="0">
    <skipped message="Error forwarding the new session cannot find : Capabilities {acceptInsecureCerts: true, browserName: firefox, platform: WIN10, version: }&#10;Command duration or timeout: 726 milliseconds"/>
  </testcase>
  <testcase name="LoginTestVerification" classname="testCases.hyscaleLoginPageTestCase" time="0">
    <skipped/>
  </testcase>
  <testcase name="packageCreateButtonVerify" classname="testCases.packageElementsVerification" time="0.006">
    <failure type="java.lang.NullPointerException">java.lang.NullPointerException
	at testCases.packageElementsVerification.packageCreateButtonVerify(packageElementsVerification.java:29)
</failure>
    <system-out><![CDATA[[INFO ] 2021-04-07 18:01:58.059 [TestNG-tests-1] hyscaleLoginPageTestCase - get driver
]]></system-out>
  </testcase>
  <testcase name="packageDuplicateButtonVerify" classname="testCases.packageElementsVerification" time="0.001">
    <failure type="java.lang.NullPointerException">java.lang.NullPointerException
	at testCases.packageElementsVerification.packageDuplicateButtonVerify(packageElementsVerification.java:60)
</failure>
  </testcase>
  <testcase name="packageEditButtonVerify" classname="testCases.packageElementsVerification" time="0.001">
    <failure type="java.lang.NullPointerException">java.lang.NullPointerException
	at testCases.packageElementsVerification.packageEditButtonVerify(packageElementsVerification.java:39)
</failure>
  </testcase>
  <testcase name="packageDeleteButtonVerify" classname="testCases.packageElementsVerification" time="0">
    <failure type="java.lang.NullPointerException">java.lang.NullPointerException
	at testCases.packageElementsVerification.packageDeleteButtonVerify(packageElementsVerification.java:49)
</failure>
  </testcase>
  <testcase name="packageNextButtonVerify" classname="testCases.packageElementsVerification" time="0">
    <failure type="java.lang.NullPointerException">java.lang.NullPointerException
	at testCases.packageElementsVerification.packageNextButtonVerify(packageElementsVerification.java:72)
</failure>
  </testcase>
  <testcase name="packageGoToLastPageButtonVerify" classname="testCases.packageElementsVerification" time="0">
    <failure type="java.lang.NullPointerException">java.lang.NullPointerException
	at testCases.packageElementsVerification.packageGoToLastPageButtonVerify(packageElementsVerification.java:81)
</failure>
  </testcase>
  <testcase name="packagePreviousButtonVerify" classname="testCases.packageElementsVerification" time="0.001">
    <failure type="java.lang.NullPointerException">java.lang.NullPointerException
	at testCases.packageElementsVerification.packagePreviousButtonVerify(packageElementsVerification.java:90)
</failure>
  </testcase>
  <testcase name="packageLevelMaxCharacters" classname="testCases.PackageNegativeTestCases" time="0.003">
    <failure type="java.lang.NullPointerException">java.lang.NullPointerException
	at testCases.PackageNegativeTestCases.packageLevelMaxCharacters(PackageNegativeTestCases.java:29)
</failure>
    <system-out><![CDATA[driver test
[INFO ] 2021-04-07 18:01:58.075 [TestNG-tests-1] hyscaleLoginPageTestCase - get driver
]]></system-out>
  </testcase>
  <testcase name="packageLevelMinimumCharacters" classname="testCases.PackageNegativeTestCases" time="0">
    <skipped/>
  </testcase>
  <testcase name="packageLevelInvalidCharacters" classname="testCases.PackageNegativeTestCases" time="0">
    <skipped/>
  </testcase>
  <testcase name="packageLevelPortValidations" classname="testCases.PackageNegativeTestCases" time="0">
    <skipped/>
  </testcase>
  <testcase name="packagePortNameValidations" classname="testCases.PackageNegativeTestCases" time="0">
    <skipped/>
  </testcase>
  <testcase name="PackageConfigProperties" classname="testCases.PackageNegativeTestCases" time="0">
    <skipped/>
  </testcase>
  <testcase name="importImageButtonVerification" classname="testCases.baseImagesElementsVerification" time="0.002">
    <failure type="java.lang.NullPointerException">java.lang.NullPointerException
	at testCases.baseImagesElementsVerification.importImageButtonVerification(baseImagesElementsVerification.java:30)
</failure>
    <system-out><![CDATA[[INFO ] 2021-04-07 18:01:58.079 [TestNG-tests-1] hyscaleLoginPageTestCase - get driver
]]></system-out>
  </testcase>
  <testcase name="verifyNextButton" classname="testCases.baseImagesElementsVerification" time="0.001">
    <failure type="java.lang.NullPointerException">java.lang.NullPointerException
	at testCases.baseImagesElementsVerification.verifyNextButton(baseImagesElementsVerification.java:43)
</failure>
  </testcase>
  <testcase name="importImageDetails" classname="testCases.baseImagesElementsVerification" time="0">
    <failure type="java.lang.NullPointerException">java.lang.NullPointerException
	at testCases.baseImagesElementsVerification.importImageDetails(baseImagesElementsVerification.java:49)
</failure>
  </testcase>
  <testcase name="importImageRegistryDetails" classname="testCases.baseImagesElementsVerification" time="0.001">
    <failure type="java.lang.NullPointerException">java.lang.NullPointerException
	at testCases.baseImagesElementsVerification.importImageRegistryDetails(baseImagesElementsVerification.java:59)
</failure>
  </testcase>
  <testcase name="importImagePortDetailsVerify" classname="testCases.baseImagesElementsVerification" time="0">
    <failure type="java.lang.NullPointerException">java.lang.NullPointerException
	at testCases.baseImagesElementsVerification.importImagePortDetailsVerify(baseImagesElementsVerification.java:73)
</failure>
  </testcase>
  <testcase name="importImageReviewWizardVerify" classname="testCases.baseImagesElementsVerification" time="0.002">
    <failure type="java.lang.NullPointerException">java.lang.NullPointerException
	at testCases.baseImagesElementsVerification.importImageReviewWizardVerify(baseImagesElementsVerification.java:94)
</failure>
  </testcase>
  <testcase name="VerifyConfirmButton" classname="testCases.baseImagesElementsVerification" time="0">
    <failure type="java.lang.NullPointerException">java.lang.NullPointerException
	at testCases.baseImagesElementsVerification.VerifyConfirmButton(baseImagesElementsVerification.java:106)
</failure>
  </testcase>
  <testcase name="ImageFilterVerification" classname="testCases.baseImagesElementsVerification" time="0.001">
    <failure type="java.lang.NullPointerException">java.lang.NullPointerException
	at testCases.baseImagesElementsVerification.ImageFilterVerification(baseImagesElementsVerification.java:133)
</failure>
  </testcase>
  <testcase name="baseImageRefreshButtonVerify" classname="testCases.baseImagesElementsVerification" time="0.001">
    <failure type="java.lang.NullPointerException">java.lang.NullPointerException
	at testCases.baseImagesElementsVerification.baseImageRefreshButtonVerify(baseImagesElementsVerification.java:125)
</failure>
  </testcase>
  <testcase name="maximumCharacters_BaseImage" classname="testCases.baseImagesNegativeTestCases" time="0.001">
    <failure type="java.lang.NullPointerException">java.lang.NullPointerException
	at testCases.baseImagesNegativeTestCases.maximumCharacters_BaseImage(baseImagesNegativeTestCases.java:32)
</failure>
    <system-out><![CDATA[[INFO ] 2021-04-07 18:01:58.091 [TestNG-tests-1] hyscaleLoginPageTestCase - get driver
]]></system-out>
  </testcase>
  <testcase name="minimumCharacters_BaseImage" classname="testCases.baseImagesNegativeTestCases" time="0.003">
    <failure type="java.lang.NullPointerException">java.lang.NullPointerException
	at testCases.baseImagesNegativeTestCases.minimumCharacters_BaseImage(baseImagesNegativeTestCases.java:55)
</failure>
  </testcase>
  <testcase name="invalidCharacters_BaseImage" classname="testCases.baseImagesNegativeTestCases" time="0.001">
    <failure type="java.lang.NullPointerException">java.lang.NullPointerException
	at testCases.baseImagesNegativeTestCases.invalidCharacters_BaseImage(baseImagesNegativeTestCases.java:67)
</failure>
  </testcase>
  <testcase name="enterImageDetails" classname="testCases.baseImagesNegativeTestCases" time="0">
    <failure type="java.lang.NullPointerException">java.lang.NullPointerException
	at testCases.baseImagesNegativeTestCases.enterImageDetails(baseImagesNegativeTestCases.java:89)
</failure>
  </testcase>
  <testcase name="negativeScenarios_BaseImagePortName" classname="testCases.baseImagesNegativeTestCases" time="0.003">
    <failure type="java.lang.NullPointerException">java.lang.NullPointerException
	at testCases.baseImagesNegativeTestCases.negativeScenarios_BaseImagePortName(baseImagesNegativeTestCases.java:98)
</failure>
  </testcase>
  <testcase name="negativeScenarios_BaseImagePortNumber" classname="testCases.baseImagesNegativeTestCases" time="0">
    <failure type="java.lang.NullPointerException">java.lang.NullPointerException
	at testCases.baseImagesNegativeTestCases.negativeScenarios_BaseImagePortNumber(baseImagesNegativeTestCases.java:116)
</failure>
  </testcase>
  <testcase name="negativeScenarios_BaseImageConfigProperties" classname="testCases.baseImagesNegativeTestCases" time="0.001">
    <failure type="java.lang.NullPointerException">java.lang.NullPointerException
	at testCases.baseImagesNegativeTestCases.negativeScenarios_BaseImageConfigProperties(baseImagesNegativeTestCases.java:144)
</failure>
  </testcase>
  <testcase name="importAgentButtonVerification" classname="testCases.agentsElementVerification" time="0.001">
    <failure type="java.lang.NullPointerException">java.lang.NullPointerException
	at testCases.agentsElementVerification.importAgentButtonVerification(agentsElementVerification.java:32)
</failure>
    <system-out><![CDATA[[INFO ] 2021-04-07 18:01:58.106 [TestNG-tests-1] hyscaleLoginPageTestCase - get driver
]]></system-out>
  </testcase>
  <testcase name="AgentDeleteVerify" classname="testCases.agentsElementVerification" time="0">
    <failure type="java.lang.NullPointerException">java.lang.NullPointerException
	at testCases.agentsElementVerification.AgentDeleteVerify(agentsElementVerification.java:44)
</failure>
  </testcase>
  <testcase name="agentGoToLastPageButtonVerify" classname="testCases.agentsElementVerification" time="0.001">
    <failure type="java.lang.NullPointerException">java.lang.NullPointerException
	at testCases.agentsElementVerification.agentGoToLastPageButtonVerify(agentsElementVerification.java:66)
</failure>
  </testcase>
  <testcase name="agentPreviousButtonVerify" classname="testCases.agentsElementVerification" time="0">
    <failure type="java.lang.NullPointerException">java.lang.NullPointerException
	at testCases.agentsElementVerification.agentPreviousButtonVerify(agentsElementVerification.java:80)
</failure>
  </testcase>
  <testcase name="agentNextButtonVerify" classname="testCases.agentsElementVerification" time="0">
    <failure type="java.lang.NullPointerException">java.lang.NullPointerException
	at testCases.agentsElementVerification.agentNextButtonVerify(agentsElementVerification.java:52)
</failure>
  </testcase>
  <testcase name="maximumCharacters_Agents" classname="testCases.agentNegativeTestCases" time="0.001">
    <failure type="java.lang.NullPointerException">java.lang.NullPointerException
	at testCases.agentNegativeTestCases.maximumCharacters_Agents(agentNegativeTestCases.java:27)
</failure>
    <system-out><![CDATA[[INFO ] 2021-04-07 18:01:58.112 [TestNG-tests-1] hyscaleLoginPageTestCase - get driver
]]></system-out>
  </testcase>
  <testcase name="minimumCharacters_Agents" classname="testCases.agentNegativeTestCases" time="0.001">
    <failure type="java.lang.NullPointerException">java.lang.NullPointerException
	at testCases.agentNegativeTestCases.minimumCharacters_Agents(agentNegativeTestCases.java:62)
</failure>
  </testcase>
  <testcase name="InvalidCharacters_Agents" classname="testCases.agentNegativeTestCases" time="0">
    <failure type="java.lang.NullPointerException">java.lang.NullPointerException
	at testCases.agentNegativeTestCases.InvalidCharacters_Agents(agentNegativeTestCases.java:78)
</failure>
  </testcase>
  <testcase name="InvalidCharacters_AgentsPorts" classname="testCases.agentNegativeTestCases" time="0">
    <failure type="java.lang.NullPointerException">java.lang.NullPointerException
	at testCases.agentNegativeTestCases.InvalidCharacters_AgentsPorts(agentNegativeTestCases.java:94)
</failure>
  </testcase>
  <testcase name="duplicate_AgentsPorts" classname="testCases.agentNegativeTestCases" time="0">
    <failure type="java.lang.NullPointerException">java.lang.NullPointerException
	at testCases.agentNegativeTestCases.duplicate_AgentsPorts(agentNegativeTestCases.java:112)
</failure>
  </testcase>
  <testcase name="select_portType" classname="testCases.agentNegativeTestCases" time="0">
    <failure type="java.lang.NullPointerException">java.lang.NullPointerException
	at testCases.agentNegativeTestCases.select_portType(agentNegativeTestCases.java:122)
</failure>
  </testcase>
  <testcase name="AgentConfigProps_invalid" classname="testCases.agentNegativeTestCases" time="0">
    <failure type="java.lang.NullPointerException">java.lang.NullPointerException
	at testCases.agentNegativeTestCases.AgentConfigProps_invalid(agentNegativeTestCases.java:132)
</failure>
  </testcase>
  <testcase name="osImageButtonVerification" classname="testCases.osImageElementsVerification" time="0.002">
    <failure type="java.lang.NullPointerException">java.lang.NullPointerException
	at testCases.osImageElementsVerification.osImageButtonVerification(osImageElementsVerification.java:30)
</failure>
    <system-out><![CDATA[[INFO ] 2021-04-07 18:01:58.119 [TestNG-tests-1] hyscaleLoginPageTestCase - get driver
]]></system-out>
  </testcase>
  <testcase name="osImageDeleteVerify" classname="testCases.osImageElementsVerification" time="0">
    <failure type="java.lang.NullPointerException">java.lang.NullPointerException
	at testCases.osImageElementsVerification.osImageDeleteVerify(osImageElementsVerification.java:41)
</failure>
  </testcase>
  <testcase name="osImageRefreshButtonVerify" classname="testCases.osImageElementsVerification" time="0">
    <failure type="java.lang.NullPointerException">java.lang.NullPointerException
	at testCases.osImageElementsVerification.osImageRefreshButtonVerify(osImageElementsVerification.java:87)
</failure>
  </testcase>
  <testcase name="osImagePreviousButtonVerify" classname="testCases.osImageElementsVerification" time="0.001">
    <failure type="java.lang.NullPointerException">java.lang.NullPointerException
	at testCases.osImageElementsVerification.osImagePreviousButtonVerify(osImageElementsVerification.java:77)
</failure>
  </testcase>
  <testcase name="osImageGoToLastPageButtonVerify" classname="testCases.osImageElementsVerification" time="0">
    <failure type="java.lang.NullPointerException">java.lang.NullPointerException
	at testCases.osImageElementsVerification.osImageGoToLastPageButtonVerify(osImageElementsVerification.java:67)
</failure>
  </testcase>
  <testcase name="osImageNextButtonVerify" classname="testCases.osImageElementsVerification" time="0">
    <failure type="java.lang.NullPointerException">java.lang.NullPointerException
	at testCases.osImageElementsVerification.osImageNextButtonVerify(osImageElementsVerification.java:58)
</failure>
  </testcase>
  <testcase name="getDriver" classname="testCases.osImageTestCases" time="0.002">
    <failure type="java.lang.NullPointerException">java.lang.NullPointerException
	at testCases.osImageTestCases.getDriver(osImageTestCases.java:24)
</failure>
    <system-out><![CDATA[[INFO ] 2021-04-07 18:01:58.127 [TestNG-tests-1] hyscaleLoginPageTestCase - get driver
null
]]></system-out>
  </testcase>
  <testcase name="osImageMaxCharactersValidation" classname="testCases.osImageTestCases" time="0">
    <skipped/>
  </testcase>
  <testcase name="osImageMinCharactersValidation" classname="testCases.osImageTestCases" time="0">
    <skipped/>
  </testcase>
  <testcase name="osImageInvalidCharactersValidation" classname="testCases.osImageTestCases" time="0">
    <skipped/>
  </testcase>
  <testcase name="getDriver" classname="testCases.Infrastructure.clusterAlertMsgTestCases" time="0.002">
    <failure type="java.lang.NullPointerException">java.lang.NullPointerException
	at testCases.Infrastructure.clusterAlertMsgTestCases.getDriver(clusterAlertMsgTestCases.java:24)
</failure>
    <system-out><![CDATA[[INFO ] 2021-04-07 18:01:58.131 [TestNG-tests-1] hyscaleLoginPageTestCase - get driver
]]></system-out>
  </testcase>
  <testcase name="enterText" classname="testCases.Infrastructure.clusterAlertMsgTestCases" time="0">
    <skipped/>
  </testcase>
  <testcase name="enterText" classname="testCases.Infrastructure.clusterAlertMsgTestCases" time="0">
    <skipped/>
  </testcase>
  <testcase name="messageValidations_IfTextIsNotEntered" classname="testCases.Infrastructure.clusterAlertMsgTestCases" time="0">
    <skipped/>
  </testcase>
  <testcase name="wrongApiServer_AlertMsg" classname="testCases.Infrastructure.clusterAlertMsgTestCases" time="0">
    <skipped/>
  </testcase>
  <testcase name="getDriver" classname="testCases.Infrastructure.kubernetesClusterElementsVerification" time="0.001">
    <failure type="java.lang.NullPointerException">java.lang.NullPointerException
	at testCases.Infrastructure.kubernetesClusterElementsVerification.getDriver(kubernetesClusterElementsVerification.java:26)
</failure>
    <system-out><![CDATA[[INFO ] 2021-04-07 18:01:58.135 [TestNG-tests-1] hyscaleLoginPageTestCase - get driver
]]></system-out>
  </testcase>
  <testcase name="addClusterButtonVerify" classname="testCases.Infrastructure.kubernetesClusterElementsVerification" time="0">
    <skipped/>
  </testcase>
  <testcase name="deleteClusterButtonVerify" classname="testCases.Infrastructure.kubernetesClusterElementsVerification" time="0">
    <skipped/>
  </testcase>
  <testcase name="editClusterButtonVerify" classname="testCases.Infrastructure.kubernetesClusterElementsVerification" time="0">
    <skipped/>
  </testcase>
  <testcase name="refreshButtonVerify" classname="testCases.Infrastructure.kubernetesClusterElementsVerification" time="0">
    <skipped/>
  </testcase>
  <testcase name="scanClusterButtonVerify" classname="testCases.Infrastructure.kubernetesClusterElementsVerification" time="0">
    <skipped/>
  </testcase>
  <testcase name="SearchVerify" classname="testCases.Infrastructure.kubernetesClusterElementsVerification" time="0">
    <skipped/>
  </testcase>
  <testcase name="deployedEnvironments" classname="testCases.Infrastructure.kubernetesClusterElementsVerification" time="0">
    <skipped/>
  </testcase>
  <testcase name="getDriver" classname="testCases.Infrastructure.artifactRepoNegativeScenarios" time="0.002">
    <failure type="java.lang.NullPointerException">java.lang.NullPointerException
	at testCases.Infrastructure.artifactRepoNegativeScenarios.getDriver(artifactRepoNegativeScenarios.java:25)
</failure>
    <system-out><![CDATA[[INFO ] 2021-04-07 18:01:58.139 [TestNG-tests-1] hyscaleLoginPageTestCase - get driver
]]></system-out>
  </testcase>
  <testcase name="artifactRepoMaxCharacters" classname="testCases.Infrastructure.artifactRepoNegativeScenarios" time="0">
    <skipped/>
  </testcase>
  <testcase name="artifactRepoMinCharacters" classname="testCases.Infrastructure.artifactRepoNegativeScenarios" time="0">
    <skipped/>
  </testcase>
  <testcase name="artifactRepoMInvalidCharacters" classname="testCases.Infrastructure.artifactRepoNegativeScenarios" time="0">
    <skipped/>
  </testcase>
  <testcase name="verifySaveAndTestButton_beforeEnteringDetails" classname="testCases.Infrastructure.artifactRepoNegativeScenarios" time="0">
    <skipped/>
  </testcase>
  <testcase name="getDriver" classname="testCases.Infrastructure.artifactRepoElementsVerification" time="0.001">
    <failure type="java.lang.NullPointerException">java.lang.NullPointerException
	at testCases.Infrastructure.artifactRepoElementsVerification.getDriver(artifactRepoElementsVerification.java:25)
</failure>
    <system-out><![CDATA[[INFO ] 2021-04-07 18:01:58.141 [TestNG-tests-1] hyscaleLoginPageTestCase - get driver
]]></system-out>
  </testcase>
  <testcase name="searchArtifactRepo" classname="testCases.Infrastructure.artifactRepoElementsVerification" time="0">
    <skipped/>
  </testcase>
  <testcase name="addArtifactRepoButtonVerification" classname="testCases.Infrastructure.artifactRepoElementsVerification" time="0">
    <skipped/>
  </testcase>
  <testcase name="RefreshButtonVerification" classname="testCases.Infrastructure.artifactRepoElementsVerification" time="0">
    <skipped/>
  </testcase>
  <testcase name="deleteButtonVerification" classname="testCases.Infrastructure.artifactRepoElementsVerification" time="0">
    <skipped/>
  </testcase>
  <testcase name="editButtonVerification" classname="testCases.Infrastructure.artifactRepoElementsVerification" time="0">
    <skipped/>
  </testcase>
  <testcase name="agentRefreshButtonVerify" classname="testCases.agentsElementVerification" time="0">
    <failure type="java.lang.NullPointerException">java.lang.NullPointerException
	at testCases.agentsElementVerification.agentRefreshButtonVerify(agentsElementVerification.java:102)
</failure>
  </testcase>
  <testcase name="closeBrowser" classname="testCases.hyscaleLoginPageTestCase" time="0">
    <skipped/>
  </testcase>
</testsuite>